{"level":"info","message":"User Connected: ::1"}
{"level":"info","message":"User Connected: ::1"}
{"level":"info","message":"User Connected: ::1"}
{"level":"info","message":"User Connected: ::1"}
{"level":"info","message":"User Connected: ::1"}
{"level":"info","message":"User Connected: ::1"}
{"level":"info","message":"User Connected: ::1"}
{"level":"info","message":"User Connected: ::1"}
{"level":"info","message":"User Connected: ::1"}
{"level":"info","message":"User Connected: ::1"}
{"level":"info","message":"User Connected: ::1"}
{"level":"info","message":"User Connected: ::1"}
{"level":"info","message":"User Connected: ::1"}
{"level":"info","message":"User Connected: ::1"}
{"level":"info","message":"User Connected: ::1"}
{"level":"info","message":"User Connected: ::1"}
{"level":"info","message":"User Connected: ::1"}
{"level":"info","message":"User Connected: ::1"}
{"level":"info","message":"User Connected: ::1"}
{"level":"info","message":"User Connected: ::1"}
{"level":"info","message":"User Connected: ::1"}
{"level":"info","message":"User Connected: ::1"}
{"level":"info","message":"User Connected: ::1"}
{"level":"info","message":"User Connected: ::1"}
{"level":"info","message":"User Connected: ::1"}
{"level":"info","message":"User Connected: ::1"}
{"level":"info","message":{"data":{"action":"User verified","id":"11","timestamp":"2025-05-27T07:46:16.064Z","verified":true},"success":true}}
{"level":"info","message":{"data":{"action":"User verified","id":"11","timestamp":"2025-05-27T07:46:30.387Z","verified":true},"success":true}}
{"level":"info","message":{"data":{"action":"User verified","id":"11","timestamp":"2025-05-27T07:52:09.873Z","verified":true},"success":true}}
{"level":"info","message":{"data":{"action":"User verified","id":"11","timestamp":"2025-05-27T07:53:34.975Z","verified":true},"success":true}}
{"level":"info","message":{"data":{"action":"User verified","id":"11","timestamp":"2025-05-27T08:00:09.641Z","verified":true},"success":true}}
{"level":"info","message":{"data":{"action":"User verified","id":"11","timestamp":"2025-05-27T08:07:44.043Z","verified":true},"success":true}}
{"level":"info","message":{"data":{"action":"User verified","id":"11","timestamp":"2025-05-27T08:08:20.746Z","verified":true},"success":true}}
{"level":"info","message":{"data":{"action":"User verified","id":"11","timestamp":"2025-05-27T08:09:03.142Z","verified":true},"success":true}}
{"level":"info","message":{"data":{"action":"User verified","id":"12","timestamp":"2025-05-27T08:21:58.795Z","verified":true},"success":true}}
{"level":"info","message":{"data":{"action":"User verified","id":"12","timestamp":"2025-05-27T08:25:55.444Z","verified":true},"success":true}}
{"level":"info","message":{"data":{"action":"User verified","id":"12","timestamp":"2025-05-27T08:25:57.002Z","verified":true},"success":true}}
{"level":"info","message":{"data":{"action":"User verified","id":"12","timestamp":"2025-05-27T08:27:59.282Z","verified":true},"success":true}}
{"level":"info","message":{"id":11,"loggedIn":true}}
{"level":"info","message":{"data":{"action":"User verified","id":"11","timestamp":"2025-05-29T03:05:01.474Z","verified":true},"success":true}}
{"level":"info","message":{"data":{"action":"User verified","id":"11","timestamp":"2025-05-29T03:07:03.696Z","verified":true},"success":true}}
{"level":"info","message":{"data":{"action":"User verified","id":"11","timestamp":"2025-05-29T03:07:28.001Z","verified":true},"success":true}}
{"level":"info","message":{"data":{"action":"User verified","id":"11","timestamp":"2025-05-29T03:07:28.007Z","verified":true},"success":true}}
{"level":"info","message":{"data":{"action":"User verified","id":"11","timestamp":"2025-05-29T03:07:28.013Z","verified":true},"success":true}}
{"level":"info","message":{"data":{"action":"User verified","id":"11","timestamp":"2025-05-29T03:07:35.314Z","verified":true},"success":true}}
{"level":"info","message":{"data":{"action":"User verified","id":"11","timestamp":"2025-05-29T03:07:35.321Z","verified":true},"success":true}}
{"level":"info","message":{"data":{"action":"User verified","id":"11","timestamp":"2025-05-29T03:07:35.326Z","verified":true},"success":true}}
{"level":"info","message":{"data":{"action":"User verified","id":"11","timestamp":"2025-05-29T03:09:50.022Z","verified":true},"success":true}}
{"level":"info","message":{"data":{"action":"User verified","id":"11","timestamp":"2025-05-29T03:09:50.033Z","verified":true},"success":true}}
{"level":"info","message":{"data":{"action":"User verified","id":"11","timestamp":"2025-05-29T03:11:00.344Z","verified":true},"success":true}}
{"level":"info","message":{"data":{"action":"User verified","id":"11","timestamp":"2025-05-29T03:11:30.437Z","verified":true},"success":true}}
{"level":"info","message":{"data":{"action":"User verified","id":"11","timestamp":"2025-05-29T03:11:30.444Z","verified":true},"success":true}}
{"level":"info","message":{"data":{"action":"User verified","id":"11","timestamp":"2025-05-29T03:11:38.880Z","verified":true},"success":true}}
{"level":"info","message":{"data":{"action":"User verified","id":"11","timestamp":"2025-05-29T03:11:38.885Z","verified":true},"success":true}}
{"level":"info","message":{"data":{"action":"User verified","id":"11","timestamp":"2025-05-29T03:14:48.230Z","verified":true},"success":true}}
{"level":"info","message":{"data":{"action":"User verified","id":"11","timestamp":"2025-05-29T03:14:48.238Z","verified":true},"success":true}}
{"level":"info","message":{"data":{"action":"User verified","id":"11","timestamp":"2025-05-29T03:16:14.960Z","verified":true},"success":true}}
{"level":"info","message":{"data":{"action":"User verified","id":"11","timestamp":"2025-05-29T03:16:14.967Z","verified":true},"success":true}}
{"level":"info","message":{"data":{"action":"User verified","id":"11","timestamp":"2025-05-29T03:17:13.980Z","verified":true},"success":true}}
{"level":"info","message":{"data":{"action":"User verified","id":"11","timestamp":"2025-05-29T03:17:13.986Z","verified":true},"success":true}}
{"level":"info","message":{"data":{"action":"User verified","id":"11","timestamp":"2025-05-29T03:22:37.529Z","verified":true},"success":true}}
{"level":"info","message":{"data":{"action":"User verified","id":"11","timestamp":"2025-05-29T03:22:37.535Z","verified":true},"success":true}}
{"level":"info","message":{"data":{"action":"User verified","id":"11","timestamp":"2025-05-29T03:24:28.553Z","verified":true},"success":true}}
{"level":"info","message":{"data":{"action":"User verified","id":"11","timestamp":"2025-05-29T03:24:28.557Z","verified":true},"success":true}}
{"level":"info","message":{"data":{"action":"User verified","id":"11","timestamp":"2025-05-29T03:24:41.022Z","verified":true},"success":true}}
{"level":"info","message":{"data":{"action":"User verified","id":"11","timestamp":"2025-05-29T03:24:41.028Z","verified":true},"success":true}}
{"level":"info","message":{"data":{"action":"User verified","id":"11","timestamp":"2025-05-29T03:25:14.653Z","verified":true},"success":true}}
{"level":"info","message":{"data":{"action":"User verified","id":"11","timestamp":"2025-05-29T03:25:14.658Z","verified":true},"success":true}}
{"level":"info","message":{"data":{"action":"User verified","id":"11","timestamp":"2025-05-29T03:25:42.048Z","verified":true},"success":true}}
{"level":"info","message":{"data":{"action":"User verified","id":"11","timestamp":"2025-05-29T03:25:42.055Z","verified":true},"success":true}}
{"level":"info","message":{"data":{"action":"User verified","id":"11","timestamp":"2025-05-29T03:25:57.062Z","verified":true},"success":true}}
{"level":"info","message":{"data":{"action":"User verified","id":"11","timestamp":"2025-05-29T03:25:57.067Z","verified":true},"success":true}}
{"level":"info","message":{"data":{"action":"User verified","id":"11","timestamp":"2025-05-29T03:26:39.698Z","verified":true},"success":true}}
{"level":"info","message":{"data":{"action":"User verified","id":"11","timestamp":"2025-05-29T03:26:39.704Z","verified":true},"success":true}}
{"level":"info","message":{"data":{"action":"User verified","id":"11","timestamp":"2025-05-29T03:28:51.731Z","verified":true},"success":true}}
{"level":"info","message":{"data":{"action":"User verified","id":"11","timestamp":"2025-05-29T03:28:51.736Z","verified":true},"success":true}}
{"level":"info","message":{"data":{"action":"User verified","id":"11","timestamp":"2025-05-29T03:28:54.871Z","verified":true},"success":true}}
{"level":"info","message":{"data":{"action":"User verified","id":"11","timestamp":"2025-05-29T03:28:54.875Z","verified":true},"success":true}}
{"level":"info","message":{"data":{"action":"User verified","id":"11","timestamp":"2025-05-29T03:43:41.215Z","verified":true},"success":true}}
{"level":"info","message":{"data":{"action":"User verified","id":"11","timestamp":"2025-05-29T03:43:41.222Z","verified":true},"success":true}}
{"level":"info","message":{"data":{"action":"User verified","id":"11","timestamp":"2025-05-29T03:44:47.017Z","verified":true},"success":true}}
{"level":"info","message":{"data":{"action":"User verified","id":"11","timestamp":"2025-05-29T03:44:47.022Z","verified":true},"success":true}}
{"level":"info","message":{"data":{"action":"User verified","id":"11","timestamp":"2025-05-29T03:44:54.145Z","verified":true},"success":true}}
{"level":"info","message":{"data":{"action":"User verified","id":"11","timestamp":"2025-05-29T03:44:54.151Z","verified":true},"success":true}}
{"level":"info","message":{"data":{"action":"User verified","id":"11","timestamp":"2025-05-29T03:44:59.032Z","verified":true},"success":true}}
{"level":"info","message":{"data":{"action":"User verified","id":"11","timestamp":"2025-05-29T03:44:59.038Z","verified":true},"success":true}}
{"level":"info","message":{"data":{"action":"User verified","id":"11","timestamp":"2025-05-29T03:45:03.442Z","verified":true},"success":true}}
{"level":"info","message":{"data":{"action":"User verified","id":"11","timestamp":"2025-05-29T03:45:03.448Z","verified":true},"success":true}}
{"level":"info","message":{"data":{"action":"User verified","id":"11","timestamp":"2025-05-29T03:45:15.637Z","verified":true},"success":true}}
{"level":"info","message":{"data":{"action":"User verified","id":"11","timestamp":"2025-05-29T03:45:15.643Z","verified":true},"success":true}}
{"level":"info","message":{"data":{"action":"User verified","id":"11","timestamp":"2025-05-29T03:46:29.978Z","verified":true},"success":true}}
{"level":"info","message":{"data":{"action":"User verified","id":"11","timestamp":"2025-05-29T03:46:29.982Z","verified":true},"success":true}}
{"level":"info","message":{"data":{"action":"User verified","id":"11","timestamp":"2025-05-29T03:46:46.197Z","verified":true},"success":true}}
{"level":"info","message":{"data":{"action":"User verified","id":"11","timestamp":"2025-05-29T03:46:46.205Z","verified":true},"success":true}}
{"level":"info","message":{"data":{"action":"User verified","id":"11","timestamp":"2025-05-29T03:47:08.928Z","verified":true},"success":true}}
{"level":"info","message":{"data":{"action":"User verified","id":"11","timestamp":"2025-05-29T03:47:08.934Z","verified":true},"success":true}}
{"level":"info","message":{"data":{"action":"User verified","id":"11","timestamp":"2025-05-29T03:47:17.057Z","verified":true},"success":true}}
{"level":"info","message":{"data":{"action":"User verified","id":"11","timestamp":"2025-05-29T03:47:17.080Z","verified":true},"success":true}}
{"level":"info","message":{"data":{"action":"User verified","id":"11","timestamp":"2025-05-29T03:47:18.317Z","verified":true},"success":true}}
{"level":"info","message":{"data":{"action":"User verified","id":"11","timestamp":"2025-05-29T03:47:18.321Z","verified":true},"success":true}}
{"level":"info","message":{"data":{"action":"User verified","id":"11","timestamp":"2025-05-29T03:47:28.553Z","verified":true},"success":true}}
{"level":"info","message":{"data":{"action":"User verified","id":"11","timestamp":"2025-05-29T03:47:28.558Z","verified":true},"success":true}}
{"level":"info","message":{"data":{"action":"User verified","id":"11","timestamp":"2025-05-29T03:47:29.529Z","verified":true},"success":true}}
{"level":"info","message":{"data":{"action":"User verified","id":"11","timestamp":"2025-05-29T03:47:29.538Z","verified":true},"success":true}}
{"level":"info","message":{"data":{"action":"User verified","id":"11","timestamp":"2025-05-29T03:48:13.215Z","verified":true},"success":true}}
{"level":"info","message":{"data":{"action":"User verified","id":"11","timestamp":"2025-05-29T03:48:13.220Z","verified":true},"success":true}}
{"level":"info","message":{"data":{"action":"User verified","id":"11","timestamp":"2025-05-29T03:48:16.390Z","verified":true},"success":true}}
{"level":"info","message":{"data":{"action":"User verified","id":"11","timestamp":"2025-05-29T03:48:16.396Z","verified":true},"success":true}}
{"level":"info","message":{"data":{"action":"User verified","id":"11","timestamp":"2025-05-29T03:48:42.794Z","verified":true},"success":true}}
{"level":"info","message":{"data":{"action":"User verified","id":"11","timestamp":"2025-05-29T03:48:42.800Z","verified":true},"success":true}}
{"level":"info","message":{"data":{"action":"User verified","id":"11","timestamp":"2025-05-29T03:49:01.672Z","verified":true},"success":true}}
{"level":"info","message":{"data":{"action":"User verified","id":"11","timestamp":"2025-05-29T03:49:01.684Z","verified":true},"success":true}}
{"level":"info","message":{"data":{"action":"User verified","id":"11","timestamp":"2025-05-29T03:51:41.948Z","verified":true},"success":true}}
{"level":"info","message":{"data":{"action":"User verified","id":"11","timestamp":"2025-05-29T03:51:41.953Z","verified":true},"success":true}}
{"level":"info","message":{"data":{"action":"User verified","id":"11","timestamp":"2025-05-29T03:52:42.154Z","verified":true},"success":true}}
{"level":"info","message":{"data":{"action":"User verified","id":"11","timestamp":"2025-05-29T03:52:42.179Z","verified":true},"success":true}}
{"level":"info","message":{"data":{"action":"User verified","id":"11","timestamp":"2025-05-29T03:52:51.264Z","verified":true},"success":true}}
{"level":"info","message":{"data":{"action":"User verified","id":"11","timestamp":"2025-05-29T03:52:51.272Z","verified":true},"success":true}}
{"level":"info","message":{"data":{"action":"User verified","id":"11","timestamp":"2025-05-29T03:52:52.513Z","verified":true},"success":true}}
{"level":"info","message":{"data":{"action":"User verified","id":"11","timestamp":"2025-05-29T03:52:52.521Z","verified":true},"success":true}}
{"level":"info","message":{"data":{"action":"User verified","id":"11","timestamp":"2025-05-29T03:52:58.142Z","verified":true},"success":true}}
{"level":"info","message":{"data":{"action":"User verified","id":"11","timestamp":"2025-05-29T03:52:58.151Z","verified":true},"success":true}}
{"level":"info","message":{"data":{"action":"User verified","id":"11","timestamp":"2025-05-29T03:55:53.924Z","verified":true},"success":true}}
{"level":"info","message":{"data":{"action":"User verified","id":"11","timestamp":"2025-05-29T03:55:53.934Z","verified":true},"success":true}}
{"level":"info","message":{"data":{"action":"User verified","id":"11","timestamp":"2025-05-29T03:56:03.204Z","verified":true},"success":true}}
{"level":"info","message":{"data":{"action":"User verified","id":"11","timestamp":"2025-05-29T03:56:03.215Z","verified":true},"success":true}}
{"level":"info","message":{"data":{"action":"User verified","id":"11","timestamp":"2025-05-29T03:56:17.657Z","verified":true},"success":true}}
{"level":"info","message":{"data":{"action":"User verified","id":"11","timestamp":"2025-05-29T03:56:17.664Z","verified":true},"success":true}}
{"level":"info","message":{"data":{"action":"User verified","id":"11","timestamp":"2025-05-29T03:56:18.926Z","verified":true},"success":true}}
{"level":"info","message":{"data":{"action":"User verified","id":"11","timestamp":"2025-05-29T03:56:18.934Z","verified":true},"success":true}}
{"level":"info","message":{"data":{"action":"User verified","id":"11","timestamp":"2025-05-29T03:56:37.244Z","verified":true},"success":true}}
{"level":"info","message":{"data":{"action":"User verified","id":"11","timestamp":"2025-05-29T03:56:37.252Z","verified":true},"success":true}}
{"level":"info","message":{"data":{"action":"User verified","id":"11","timestamp":"2025-05-29T03:56:48.698Z","verified":true},"success":true}}
{"level":"info","message":{"data":{"action":"User verified","id":"11","timestamp":"2025-05-29T03:56:48.735Z","verified":true},"success":true}}
{"level":"info","message":{"data":{"action":"User verified","id":"11","timestamp":"2025-05-29T03:56:57.084Z","verified":true},"success":true}}
{"level":"info","message":{"data":{"action":"User verified","id":"11","timestamp":"2025-05-29T03:56:57.091Z","verified":true},"success":true}}
{"level":"info","message":{"data":{"action":"User verified","id":"11","timestamp":"2025-05-29T03:59:22.070Z","verified":true},"success":true}}
{"level":"info","message":{"data":{"action":"User verified","id":"11","timestamp":"2025-05-29T03:59:22.076Z","verified":true},"success":true}}
{"level":"info","message":{"data":{"action":"User verified","id":"11","timestamp":"2025-05-29T03:59:42.913Z","verified":true},"success":true}}
{"level":"info","message":{"data":{"action":"User verified","id":"11","timestamp":"2025-05-29T03:59:42.921Z","verified":true},"success":true}}
{"level":"info","message":{"data":{"action":"User verified","id":"11","timestamp":"2025-05-29T04:00:01.314Z","verified":true},"success":true}}
{"level":"info","message":{"data":{"action":"User verified","id":"11","timestamp":"2025-05-29T04:00:01.320Z","verified":true},"success":true}}
{"level":"info","message":{"data":{"action":"User verified","id":"11","timestamp":"2025-05-29T04:01:17.435Z","verified":true},"success":true}}
{"level":"info","message":{"data":{"action":"User verified","id":"11","timestamp":"2025-05-29T04:01:17.443Z","verified":true},"success":true}}
{"level":"info","message":{"data":{"action":"User verified","id":"14","timestamp":"2025-05-29T04:06:12.449Z","verified":true},"success":true}}
{"level":"info","message":{"data":{"action":"User verified","id":"14","timestamp":"2025-05-29T04:06:12.454Z","verified":true},"success":true}}
{"level":"info","message":{"data":{"action":"User verified","id":"14","timestamp":"2025-05-29T04:13:52.078Z","verified":true},"success":true}}
{"level":"info","message":{"data":{"action":"User verified","id":"14","timestamp":"2025-05-29T04:13:54.996Z","verified":true},"success":true}}
{"level":"info","message":{"data":{"action":"User verified","id":"14","timestamp":"2025-05-29T04:13:56.188Z","verified":true},"success":true}}
{"level":"info","message":{"data":{"action":"User verified","id":"14","timestamp":"2025-05-29T04:14:10.548Z","verified":true},"success":true}}
{"level":"info","message":{"data":{"action":"User verified","id":"14","timestamp":"2025-05-29T04:14:54.540Z","verified":true},"success":true}}
{"level":"info","message":{"data":{"action":"User verified","id":"14","timestamp":"2025-05-29T04:15:22.905Z","verified":true},"success":true}}
{"level":"info","message":{"data":{"action":"User verified","id":"14","timestamp":"2025-05-29T04:16:31.628Z","verified":true},"success":true}}
{"level":"info","message":{"data":{"action":"User verified","id":"14","timestamp":"2025-05-29T04:16:34.190Z","verified":true},"success":true}}
{"level":"info","message":{"data":{"action":"User verified","id":"14","timestamp":"2025-05-29T04:16:55.679Z","verified":true},"success":true}}
{"level":"info","message":{"data":{"action":"User verified","id":"14","timestamp":"2025-05-29T04:17:48.561Z","verified":true},"success":true}}
{"level":"info","message":{"data":{"action":"User verified","id":"14","timestamp":"2025-05-29T04:17:48.565Z","verified":true},"success":true}}
{"level":"info","message":{"data":{"action":"User verified","id":"14","timestamp":"2025-05-29T04:20:04.449Z","verified":true},"success":true}}
{"level":"info","message":{"data":{"action":"User verified","id":"14","timestamp":"2025-05-29T04:20:04.454Z","verified":true},"success":true}}
{"level":"info","message":{"data":{"action":"User verified","id":"14","timestamp":"2025-05-29T04:20:14.680Z","verified":true},"success":true}}
{"level":"info","message":{"data":{"action":"User verified","id":"14","timestamp":"2025-05-29T04:20:14.685Z","verified":true},"success":true}}
{"level":"info","message":{"data":{"action":"User verified","id":"14","timestamp":"2025-05-29T04:22:25.316Z","verified":true},"success":true}}
{"level":"info","message":{"data":{"action":"User verified","id":"14","timestamp":"2025-05-29T04:22:25.322Z","verified":true},"success":true}}
{"level":"info","message":{"data":{"action":"User verified","id":"14","timestamp":"2025-05-29T04:22:51.947Z","verified":true},"success":true}}
{"level":"info","message":{"data":{"action":"User verified","id":"14","timestamp":"2025-05-29T04:23:01.297Z","verified":true},"success":true}}
{"level":"info","message":{"data":{"action":"User verified","id":"14","timestamp":"2025-05-29T04:23:01.308Z","verified":true},"success":true}}
{"level":"info","message":{"data":{"action":"User verified","id":"14","timestamp":"2025-05-29T04:23:49.496Z","verified":true},"success":true}}
{"level":"info","message":{"data":{"action":"User verified","id":"14","timestamp":"2025-05-29T04:23:49.501Z","verified":true},"success":true}}
{"level":"info","message":{"data":{"action":"User verified","id":"14","timestamp":"2025-05-29T04:23:57.843Z","verified":true},"success":true}}
{"level":"info","message":{"data":{"action":"User verified","id":"14","timestamp":"2025-05-29T04:23:57.852Z","verified":true},"success":true}}
{"level":"info","message":{"data":{"action":"User verified","id":"14","timestamp":"2025-05-29T04:40:37.258Z","verified":true},"success":true}}
{"level":"info","message":{"data":{"action":"User verified","id":"14","timestamp":"2025-05-29T04:40:37.268Z","verified":true},"success":true}}
{"level":"info","message":{"data":{"action":"User verified","id":"14","timestamp":"2025-05-29T04:42:27.600Z","verified":true},"success":true}}
{"level":"info","message":{"data":{"action":"User verified","id":"14","timestamp":"2025-05-29T04:42:27.613Z","verified":true},"success":true}}
{"level":"info","message":{"data":{"action":"User verified","id":"14","timestamp":"2025-05-29T04:43:36.340Z","verified":true},"success":true}}
{"level":"info","message":{"data":{"action":"User verified","id":"14","timestamp":"2025-05-29T04:43:36.345Z","verified":true},"success":true}}
{"level":"info","message":{"data":{"action":"User verified","id":"14","timestamp":"2025-05-29T04:45:35.999Z","verified":true},"success":true}}
{"level":"info","message":{"data":{"action":"User verified","id":"14","timestamp":"2025-05-29T04:45:36.008Z","verified":true},"success":true}}
{"level":"info","message":{"data":{"action":"User verified","id":"14","timestamp":"2025-05-29T04:45:55.703Z","verified":true},"success":true}}
{"level":"info","message":{"data":{"action":"User verified","id":"14","timestamp":"2025-05-29T04:45:55.710Z","verified":true},"success":true}}
{"level":"info","message":{"data":{"action":"User verified","id":"14","timestamp":"2025-05-29T04:49:11.954Z","verified":true},"success":true}}
{"level":"info","message":{"data":{"action":"User verified","id":"14","timestamp":"2025-05-29T04:49:11.964Z","verified":true},"success":true}}
{"level":"info","message":{"data":{"action":"User verified","id":"14","timestamp":"2025-05-29T04:51:00.605Z","verified":true},"success":true}}
{"level":"info","message":{"data":{"action":"User verified","id":"14","timestamp":"2025-05-29T04:51:00.612Z","verified":true},"success":true}}
{"level":"info","message":{"data":{"action":"User verified","id":"14","timestamp":"2025-05-29T04:52:05.478Z","verified":true},"success":true}}
{"level":"info","message":{"data":{"action":"User verified","id":"14","timestamp":"2025-05-29T04:52:05.489Z","verified":true},"success":true}}
{"level":"info","message":{"data":{"action":"User verified","id":"14","timestamp":"2025-05-29T04:53:40.810Z","verified":true},"success":true}}
{"level":"info","message":{"data":{"action":"User verified","id":"14","timestamp":"2025-05-29T04:53:40.825Z","verified":true},"success":true}}
{"level":"info","message":{"data":{"action":"User verified","id":"14","timestamp":"2025-05-29T04:55:09.300Z","verified":true},"success":true}}
{"level":"info","message":{"data":{"action":"User verified","id":"14","timestamp":"2025-05-29T04:55:09.308Z","verified":true},"success":true}}
{"level":"info","message":{"data":{"action":"User verified","id":"14","timestamp":"2025-05-29T04:57:16.359Z","verified":true},"success":true}}
{"level":"info","message":{"data":{"action":"User verified","id":"14","timestamp":"2025-05-29T04:57:16.366Z","verified":true},"success":true}}
{"level":"info","message":{"data":{"action":"User verified","id":"14","timestamp":"2025-05-29T04:57:19.770Z","verified":true},"success":true}}
{"level":"info","message":{"data":{"action":"User verified","id":"14","timestamp":"2025-05-29T04:57:19.779Z","verified":true},"success":true}}
{"level":"info","message":{"data":{"action":"User verified","id":"14","timestamp":"2025-05-29T04:57:22.293Z","verified":true},"success":true}}
{"level":"info","message":{"data":{"action":"User verified","id":"14","timestamp":"2025-05-29T04:57:22.304Z","verified":true},"success":true}}
{"level":"info","message":{"data":{"action":"User verified","id":"14","timestamp":"2025-05-29T04:57:35.967Z","verified":true},"success":true}}
{"level":"info","message":{"data":{"action":"User verified","id":"14","timestamp":"2025-05-29T04:57:35.973Z","verified":true},"success":true}}
{"level":"info","message":{"data":{"action":"User verified","id":"14","timestamp":"2025-05-29T04:57:49.089Z","verified":true},"success":true}}
{"level":"info","message":{"data":{"action":"User verified","id":"14","timestamp":"2025-05-29T04:57:49.097Z","verified":true},"success":true}}
{"level":"info","message":{"data":{"action":"User verified","id":"14","timestamp":"2025-05-29T04:57:51.332Z","verified":true},"success":true}}
{"level":"info","message":{"data":{"action":"User verified","id":"14","timestamp":"2025-05-29T04:57:51.339Z","verified":true},"success":true}}
{"level":"info","message":{"data":{"action":"User verified","id":"14","timestamp":"2025-05-29T04:57:59.123Z","verified":true},"success":true}}
{"level":"info","message":{"data":{"action":"User verified","id":"14","timestamp":"2025-05-29T04:57:59.130Z","verified":true},"success":true}}
{"level":"info","message":{"data":{"action":"User verified","id":"14","timestamp":"2025-05-29T04:57:59.685Z","verified":true},"success":true}}
{"level":"info","message":{"data":{"action":"User verified","id":"14","timestamp":"2025-05-29T04:57:59.694Z","verified":true},"success":true}}
{"level":"info","message":{"data":{"action":"User verified","id":"14","timestamp":"2025-05-29T04:59:15.998Z","verified":true},"success":true}}
{"level":"info","message":{"data":{"action":"User verified","id":"14","timestamp":"2025-05-29T04:59:16.007Z","verified":true},"success":true}}
{"level":"info","message":{"data":{"action":"User verified","id":"14","timestamp":"2025-05-29T04:59:41.917Z","verified":true},"success":true}}
{"level":"info","message":{"data":{"action":"User verified","id":"14","timestamp":"2025-05-29T04:59:41.925Z","verified":true},"success":true}}
{"level":"info","message":{"data":{"action":"User verified","id":"14","timestamp":"2025-05-29T04:59:50.029Z","verified":true},"success":true}}
{"level":"info","message":{"data":{"action":"User verified","id":"14","timestamp":"2025-05-29T04:59:50.037Z","verified":true},"success":true}}
{"level":"info","message":{"data":{"action":"User verified","id":"14","timestamp":"2025-05-29T05:00:02.897Z","verified":true},"success":true}}
{"level":"info","message":{"data":{"action":"User verified","id":"14","timestamp":"2025-05-29T05:00:02.905Z","verified":true},"success":true}}
{"level":"info","message":{"data":{"action":"User verified","id":"14","timestamp":"2025-05-29T05:00:05.425Z","verified":true},"success":true}}
{"level":"info","message":{"data":{"action":"User verified","id":"14","timestamp":"2025-05-29T05:00:05.439Z","verified":true},"success":true}}
{"level":"info","message":{"data":{"action":"User verified","id":"14","timestamp":"2025-05-29T05:00:17.444Z","verified":true},"success":true}}
{"level":"info","message":{"data":{"action":"User verified","id":"14","timestamp":"2025-05-29T05:00:17.450Z","verified":true},"success":true}}
{"level":"info","message":{"data":{"action":"User verified","id":"14","timestamp":"2025-05-29T05:00:29.875Z","verified":true},"success":true}}
{"level":"info","message":{"data":{"action":"User verified","id":"14","timestamp":"2025-05-29T05:00:29.884Z","verified":true},"success":true}}
{"level":"info","message":{"data":{"action":"User verified","id":"14","timestamp":"2025-05-29T05:00:42.971Z","verified":true},"success":true}}
{"level":"info","message":{"data":{"action":"User verified","id":"14","timestamp":"2025-05-29T05:00:42.981Z","verified":true},"success":true}}
{"level":"info","message":{"data":{"action":"User verified","id":"14","timestamp":"2025-05-29T05:00:52.609Z","verified":true},"success":true}}
{"level":"info","message":{"data":{"action":"User verified","id":"14","timestamp":"2025-05-29T05:00:52.619Z","verified":true},"success":true}}
{"level":"info","message":{"data":{"action":"User verified","id":"14","timestamp":"2025-05-29T05:00:53.853Z","verified":true},"success":true}}
{"level":"info","message":{"data":{"action":"User verified","id":"14","timestamp":"2025-05-29T05:00:53.862Z","verified":true},"success":true}}
{"level":"info","message":{"data":{"action":"User verified","id":"14","timestamp":"2025-05-29T05:01:33.406Z","verified":true},"success":true}}
{"level":"info","message":{"data":{"action":"User verified","id":"14","timestamp":"2025-05-29T05:01:33.414Z","verified":true},"success":true}}
{"level":"error","message":{"data":{"action":"Short JWT Failed","id":"unknown","timestamp":"2025-05-29T05:09:34.613Z"},"success":false}}
{"level":"error","message":{"data":{"action":"Short JWT Failed","id":"unknown","timestamp":"2025-05-29T05:09:34.628Z"},"success":false}}
{"level":"info","message":{"data":{"action":"User verified","id":"14","timestamp":"2025-05-29T05:09:34.665Z","verified":true},"success":true}}
{"level":"error","message":{"data":{"action":"Short JWT Failed","id":"unknown","timestamp":"2025-05-29T05:09:34.670Z"},"success":false}}
{"level":"info","message":{"data":{"action":"User verified","id":"14","timestamp":"2025-05-29T05:09:34.674Z","verified":true},"success":true}}
{"level":"error","message":{"data":{"action":"Short JWT Failed","id":"unknown","timestamp":"2025-05-29T05:09:54.622Z"},"success":false}}
{"level":"error","message":{"data":{"action":"Short JWT Failed","id":"unknown","timestamp":"2025-05-29T05:10:18.499Z"},"success":false}}
{"level":"error","message":{"data":{"action":"Short JWT Failed","id":"unknown","timestamp":"2025-05-29T05:10:18.510Z"},"success":false}}
{"level":"info","message":{"data":{"action":"User verified","id":"14","timestamp":"2025-05-29T05:10:18.543Z","verified":true},"success":true}}
{"level":"error","message":{"data":{"action":"Short JWT Failed","id":"unknown","timestamp":"2025-05-29T05:10:18.548Z"},"success":false}}
{"level":"info","message":{"data":{"action":"User verified","id":"14","timestamp":"2025-05-29T05:10:18.551Z","verified":true},"success":true}}
{"level":"error","message":{"data":{"action":"Short JWT Failed","id":"unknown","timestamp":"2025-05-29T05:10:38.505Z"},"success":false}}
{"level":"info","message":{"data":{"action":"User verified","id":"14","timestamp":"2025-05-29T05:12:53.320Z","verified":true},"success":true}}
{"level":"info","message":{"data":{"action":"User verified","id":"14","timestamp":"2025-05-29T05:12:53.328Z","verified":true},"success":true}}
{"level":"info","message":{"data":{"action":"User verified","id":"14","timestamp":"2025-05-29T05:12:58.736Z","verified":true},"success":true}}
{"level":"info","message":{"data":{"action":"User verified","id":"14","timestamp":"2025-05-29T05:12:58.741Z","verified":true},"success":true}}
{"level":"info","message":{"data":{"action":"User verified","id":"14","timestamp":"2025-05-29T05:13:48.243Z","verified":true},"success":true}}
{"level":"info","message":{"data":{"action":"User verified","id":"14","timestamp":"2025-05-29T05:13:48.247Z","verified":true},"success":true}}
{"level":"info","message":{"id":11,"loggedIn":true}}
{"level":"info","message":{"data":{"action":"User verified","id":"11","timestamp":"2025-05-29T05:14:50.532Z","verified":true},"success":true}}
{"level":"info","message":{"data":{"action":"User verified","id":"11","timestamp":"2025-05-29T05:14:50.538Z","verified":true},"success":true}}
{"level":"info","message":{"data":{"action":"User verified","id":"11","timestamp":"2025-05-29T05:15:24.697Z","verified":true},"success":true}}
{"level":"info","message":{"data":{"action":"User verified","id":"11","timestamp":"2025-05-29T05:15:24.704Z","verified":true},"success":true}}
{"level":"info","message":{"data":{"action":"User verified","id":"11","timestamp":"2025-05-29T05:15:38.675Z","verified":true},"success":true}}
{"level":"info","message":{"data":{"action":"User verified","id":"11","timestamp":"2025-05-29T05:15:38.680Z","verified":true},"success":true}}
{"level":"info","message":{"data":{"action":"User verified","id":"11","timestamp":"2025-05-29T05:15:39.825Z","verified":true},"success":true}}
{"level":"info","message":{"data":{"action":"User verified","id":"11","timestamp":"2025-05-29T05:15:39.830Z","verified":true},"success":true}}
{"level":"info","message":{"data":{"action":"User verified","id":"11","timestamp":"2025-05-29T05:15:40.862Z","verified":true},"success":true}}
{"level":"info","message":{"data":{"action":"User verified","id":"11","timestamp":"2025-05-29T05:15:40.868Z","verified":true},"success":true}}
{"level":"info","message":{"data":{"action":"User verified","id":"11","timestamp":"2025-05-29T05:15:41.728Z","verified":true},"success":true}}
{"level":"info","message":{"data":{"action":"User verified","id":"11","timestamp":"2025-05-29T05:15:41.732Z","verified":true},"success":true}}
{"level":"info","message":{"data":{"action":"User verified","id":"11","timestamp":"2025-05-29T05:15:42.421Z","verified":true},"success":true}}
{"level":"info","message":{"data":{"action":"User verified","id":"11","timestamp":"2025-05-29T05:15:42.427Z","verified":true},"success":true}}
{"level":"info","message":{"data":{"action":"User verified","id":"11","timestamp":"2025-05-29T05:15:43.369Z","verified":true},"success":true}}
{"level":"info","message":{"data":{"action":"User verified","id":"11","timestamp":"2025-05-29T05:15:43.374Z","verified":true},"success":true}}
{"level":"info","message":{"data":{"action":"User verified","id":"11","timestamp":"2025-05-29T05:15:44.201Z","verified":true},"success":true}}
{"level":"info","message":{"data":{"action":"User verified","id":"11","timestamp":"2025-05-29T05:15:44.207Z","verified":true},"success":true}}
{"level":"info","message":{"data":{"action":"User verified","id":"11","timestamp":"2025-05-29T05:15:45.004Z","verified":true},"success":true}}
{"level":"info","message":{"data":{"action":"User verified","id":"11","timestamp":"2025-05-29T05:15:45.010Z","verified":true},"success":true}}
{"level":"info","message":{"data":{"action":"User verified","id":"11","timestamp":"2025-05-29T05:15:45.747Z","verified":true},"success":true}}
{"level":"info","message":{"data":{"action":"User verified","id":"11","timestamp":"2025-05-29T05:15:45.752Z","verified":true},"success":true}}
{"level":"info","message":{"data":{"action":"User verified","id":"11","timestamp":"2025-05-29T05:15:46.742Z","verified":true},"success":true}}
{"level":"info","message":{"data":{"action":"User verified","id":"11","timestamp":"2025-05-29T05:15:46.746Z","verified":true},"success":true}}
{"level":"info","message":{"data":{"action":"User verified","id":"11","timestamp":"2025-05-29T05:15:47.618Z","verified":true},"success":true}}
{"level":"info","message":{"data":{"action":"User verified","id":"11","timestamp":"2025-05-29T05:15:47.624Z","verified":true},"success":true}}
{"level":"info","message":{"data":{"action":"User verified","id":"11","timestamp":"2025-05-29T05:15:48.465Z","verified":true},"success":true}}
{"level":"info","message":{"data":{"action":"User verified","id":"11","timestamp":"2025-05-29T05:15:48.472Z","verified":true},"success":true}}
{"level":"info","message":{"data":{"action":"User verified","id":"11","timestamp":"2025-05-29T05:15:49.294Z","verified":true},"success":true}}
{"level":"info","message":{"data":{"action":"User verified","id":"11","timestamp":"2025-05-29T05:15:49.299Z","verified":true},"success":true}}
{"level":"info","message":{"data":{"action":"User verified","id":"11","timestamp":"2025-05-29T05:15:49.889Z","verified":true},"success":true}}
{"level":"info","message":{"data":{"action":"User verified","id":"11","timestamp":"2025-05-29T05:15:49.894Z","verified":true},"success":true}}
{"level":"info","message":{"data":{"action":"User verified","id":"11","timestamp":"2025-05-29T05:15:50.469Z","verified":true},"success":true}}
{"level":"info","message":{"data":{"action":"User verified","id":"11","timestamp":"2025-05-29T05:15:50.475Z","verified":true},"success":true}}
{"level":"info","message":{"data":{"action":"User verified","id":"11","timestamp":"2025-05-29T05:15:51.053Z","verified":true},"success":true}}
{"level":"info","message":{"data":{"action":"User verified","id":"11","timestamp":"2025-05-29T05:15:51.059Z","verified":true},"success":true}}
{"level":"info","message":{"data":{"action":"User verified","id":"11","timestamp":"2025-05-29T05:15:51.595Z","verified":true},"success":true}}
{"level":"info","message":{"data":{"action":"User verified","id":"11","timestamp":"2025-05-29T05:15:51.600Z","verified":true},"success":true}}
{"level":"info","message":{"data":{"action":"User verified","id":"11","timestamp":"2025-05-29T05:15:55.733Z","verified":true},"success":true}}
{"level":"info","message":{"data":{"action":"User verified","id":"11","timestamp":"2025-05-29T05:15:55.739Z","verified":true},"success":true}}
{"level":"info","message":{"data":{"action":"User verified","id":"11","timestamp":"2025-05-29T05:15:56.862Z","verified":true},"success":true}}
{"level":"info","message":{"data":{"action":"User verified","id":"11","timestamp":"2025-05-29T05:15:56.867Z","verified":true},"success":true}}
{"level":"info","message":{"data":{"action":"User verified","id":"11","timestamp":"2025-05-29T05:15:58.493Z","verified":true},"success":true}}
{"level":"info","message":{"data":{"action":"User verified","id":"11","timestamp":"2025-05-29T05:15:58.498Z","verified":true},"success":true}}
{"level":"info","message":{"data":{"action":"User verified","id":"11","timestamp":"2025-05-29T05:15:59.902Z","verified":true},"success":true}}
{"level":"info","message":{"data":{"action":"User verified","id":"11","timestamp":"2025-05-29T05:15:59.907Z","verified":true},"success":true}}
{"level":"info","message":{"data":{"action":"User verified","id":"11","timestamp":"2025-05-29T05:16:01.919Z","verified":true},"success":true}}
{"level":"info","message":{"data":{"action":"User verified","id":"11","timestamp":"2025-05-29T05:16:01.925Z","verified":true},"success":true}}
{"level":"info","message":{"data":{"action":"User verified","id":"11","timestamp":"2025-05-29T05:16:02.518Z","verified":true},"success":true}}
{"level":"info","message":{"data":{"action":"User verified","id":"11","timestamp":"2025-05-29T05:16:02.524Z","verified":true},"success":true}}
{"level":"info","message":{"data":{"action":"User verified","id":"11","timestamp":"2025-05-29T05:16:02.937Z","verified":true},"success":true}}
{"level":"info","message":{"data":{"action":"User verified","id":"11","timestamp":"2025-05-29T05:16:02.942Z","verified":true},"success":true}}
{"level":"info","message":{"data":{"action":"User verified","id":"11","timestamp":"2025-05-29T05:16:03.297Z","verified":true},"success":true}}
{"level":"info","message":{"data":{"action":"User verified","id":"11","timestamp":"2025-05-29T05:16:03.302Z","verified":true},"success":true}}
{"level":"info","message":{"data":{"action":"User verified","id":"11","timestamp":"2025-05-29T05:16:03.847Z","verified":true},"success":true}}
{"level":"info","message":{"data":{"action":"User verified","id":"11","timestamp":"2025-05-29T05:16:03.853Z","verified":true},"success":true}}
{"level":"info","message":{"data":{"action":"User verified","id":"11","timestamp":"2025-05-29T05:16:04.379Z","verified":true},"success":true}}
{"level":"info","message":{"data":{"action":"User verified","id":"11","timestamp":"2025-05-29T05:16:04.384Z","verified":true},"success":true}}
{"level":"info","message":{"data":{"action":"User verified","id":"11","timestamp":"2025-05-29T05:16:04.874Z","verified":true},"success":true}}
{"level":"info","message":{"data":{"action":"User verified","id":"11","timestamp":"2025-05-29T05:16:04.878Z","verified":true},"success":true}}
{"level":"info","message":{"data":{"action":"User verified","id":"11","timestamp":"2025-05-29T05:16:05.231Z","verified":true},"success":true}}
{"level":"info","message":{"data":{"action":"User verified","id":"11","timestamp":"2025-05-29T05:16:05.236Z","verified":true},"success":true}}
{"level":"info","message":{"data":{"action":"User verified","id":"11","timestamp":"2025-05-29T05:16:05.555Z","verified":true},"success":true}}
{"level":"info","message":{"data":{"action":"User verified","id":"11","timestamp":"2025-05-29T05:16:05.560Z","verified":true},"success":true}}
{"level":"info","message":{"data":{"action":"User verified","id":"11","timestamp":"2025-05-29T05:16:05.740Z","verified":true},"success":true}}
{"level":"info","message":{"data":{"action":"User verified","id":"11","timestamp":"2025-05-29T05:16:05.745Z","verified":true},"success":true}}
{"level":"info","message":{"data":{"action":"User verified","id":"11","timestamp":"2025-05-29T05:16:05.908Z","verified":true},"success":true}}
{"level":"info","message":{"data":{"action":"User verified","id":"11","timestamp":"2025-05-29T05:16:05.912Z","verified":true},"success":true}}
{"level":"info","message":{"data":{"action":"User verified","id":"11","timestamp":"2025-05-29T05:16:06.197Z","verified":true},"success":true}}
{"level":"info","message":{"data":{"action":"User verified","id":"11","timestamp":"2025-05-29T05:16:06.202Z","verified":true},"success":true}}
{"level":"info","message":{"data":{"action":"User verified","id":"11","timestamp":"2025-05-29T05:16:06.496Z","verified":true},"success":true}}
{"level":"info","message":{"data":{"action":"User verified","id":"11","timestamp":"2025-05-29T05:16:06.502Z","verified":true},"success":true}}
{"level":"info","message":{"data":{"action":"User verified","id":"11","timestamp":"2025-05-29T05:16:06.665Z","verified":true},"success":true}}
{"level":"info","message":{"data":{"action":"User verified","id":"11","timestamp":"2025-05-29T05:16:06.670Z","verified":true},"success":true}}
{"level":"info","message":{"data":{"action":"User verified","id":"11","timestamp":"2025-05-29T05:16:06.959Z","verified":true},"success":true}}
{"level":"info","message":{"data":{"action":"User verified","id":"11","timestamp":"2025-05-29T05:16:06.964Z","verified":true},"success":true}}
{"level":"info","message":{"data":{"action":"User verified","id":"11","timestamp":"2025-05-29T05:16:07.247Z","verified":true},"success":true}}
{"level":"info","message":{"data":{"action":"User verified","id":"11","timestamp":"2025-05-29T05:16:07.251Z","verified":true},"success":true}}
{"level":"info","message":{"data":{"action":"User verified","id":"11","timestamp":"2025-05-29T05:16:07.549Z","verified":true},"success":true}}
{"level":"info","message":{"data":{"action":"User verified","id":"11","timestamp":"2025-05-29T05:16:07.554Z","verified":true},"success":true}}
{"level":"info","message":{"data":{"action":"User verified","id":"11","timestamp":"2025-05-29T05:16:07.830Z","verified":true},"success":true}}
{"level":"info","message":{"data":{"action":"User verified","id":"11","timestamp":"2025-05-29T05:16:07.835Z","verified":true},"success":true}}
{"level":"info","message":{"data":{"action":"User verified","id":"11","timestamp":"2025-05-29T05:16:08.000Z","verified":true},"success":true}}
{"level":"info","message":{"data":{"action":"User verified","id":"11","timestamp":"2025-05-29T05:16:08.005Z","verified":true},"success":true}}
{"level":"info","message":{"data":{"action":"User verified","id":"11","timestamp":"2025-05-29T05:16:08.296Z","verified":true},"success":true}}
{"level":"info","message":{"data":{"action":"User verified","id":"11","timestamp":"2025-05-29T05:16:08.301Z","verified":true},"success":true}}
{"level":"info","message":{"data":{"action":"User verified","id":"11","timestamp":"2025-05-29T05:16:08.465Z","verified":true},"success":true}}
{"level":"info","message":{"data":{"action":"User verified","id":"11","timestamp":"2025-05-29T05:16:08.469Z","verified":true},"success":true}}
{"level":"info","message":{"data":{"action":"User verified","id":"11","timestamp":"2025-05-29T05:16:08.744Z","verified":true},"success":true}}
{"level":"info","message":{"data":{"action":"User verified","id":"11","timestamp":"2025-05-29T05:16:08.755Z","verified":true},"success":true}}
{"level":"info","message":{"data":{"action":"User verified","id":"11","timestamp":"2025-05-29T05:16:22.441Z","verified":true},"success":true}}
{"level":"info","message":{"data":{"action":"User verified","id":"11","timestamp":"2025-05-29T05:16:22.445Z","verified":true},"success":true}}
{"level":"info","message":{"data":{"action":"User verified","id":"11","timestamp":"2025-05-29T05:16:23.102Z","verified":true},"success":true}}
{"level":"info","message":{"data":{"action":"User verified","id":"11","timestamp":"2025-05-29T05:16:23.107Z","verified":true},"success":true}}
{"level":"info","message":{"data":{"action":"User verified","id":"11","timestamp":"2025-05-29T05:16:38.208Z","verified":true},"success":true}}
{"level":"info","message":{"data":{"action":"User verified","id":"11","timestamp":"2025-05-29T05:16:38.212Z","verified":true},"success":true}}
{"level":"info","message":{"data":{"action":"User verified","id":"11","timestamp":"2025-05-29T05:17:09.847Z","verified":true},"success":true}}
{"level":"info","message":{"data":{"action":"User verified","id":"11","timestamp":"2025-05-29T05:17:09.852Z","verified":true},"success":true}}
{"level":"info","message":{"data":{"action":"User verified","id":"11","timestamp":"2025-05-29T05:17:10.633Z","verified":true},"success":true}}
{"level":"info","message":{"data":{"action":"User verified","id":"11","timestamp":"2025-05-29T05:17:10.638Z","verified":true},"success":true}}
{"level":"info","message":{"data":{"action":"User verified","id":"11","timestamp":"2025-05-29T05:17:32.232Z","verified":true},"success":true}}
{"level":"info","message":{"data":{"action":"User verified","id":"11","timestamp":"2025-05-29T05:17:32.240Z","verified":true},"success":true}}
{"level":"info","message":{"data":{"action":"User verified","id":"11","timestamp":"2025-05-29T05:18:23.652Z","verified":true},"success":true}}
{"level":"info","message":{"data":{"action":"User verified","id":"11","timestamp":"2025-05-29T05:18:23.661Z","verified":true},"success":true}}
{"level":"info","message":{"data":{"action":"User verified","id":"11","timestamp":"2025-05-29T05:18:31.700Z","verified":true},"success":true}}
{"level":"info","message":{"data":{"action":"User verified","id":"11","timestamp":"2025-05-29T05:18:31.742Z","verified":true},"success":true}}
{"level":"info","message":{"data":{"action":"User verified","id":"11","timestamp":"2025-05-29T05:18:52.727Z","verified":true},"success":true}}
{"level":"info","message":{"data":{"action":"User verified","id":"11","timestamp":"2025-05-29T05:18:52.731Z","verified":true},"success":true}}
{"level":"info","message":{"data":{"action":"User verified","id":"11","timestamp":"2025-05-29T05:18:59.971Z","verified":true},"success":true}}
{"level":"info","message":{"data":{"action":"User verified","id":"11","timestamp":"2025-05-29T05:18:59.975Z","verified":true},"success":true}}
{"level":"info","message":{"data":{"action":"User verified","id":"11","timestamp":"2025-05-29T05:19:27.738Z","verified":true},"success":true}}
{"level":"info","message":{"data":{"action":"User verified","id":"11","timestamp":"2025-05-29T05:19:27.747Z","verified":true},"success":true}}
{"level":"info","message":{"data":{"action":"User verified","id":"11","timestamp":"2025-05-29T05:19:38.731Z","verified":true},"success":true}}
{"level":"info","message":{"data":{"action":"User verified","id":"11","timestamp":"2025-05-29T05:19:38.739Z","verified":true},"success":true}}
{"level":"info","message":{"data":{"action":"User verified","id":"11","timestamp":"2025-05-29T05:19:46.129Z","verified":true},"success":true}}
{"level":"info","message":{"data":{"action":"User verified","id":"11","timestamp":"2025-05-29T05:19:46.135Z","verified":true},"success":true}}
{"level":"info","message":{"data":{"action":"User verified","id":"11","timestamp":"2025-05-29T05:19:49.160Z","verified":true},"success":true}}
{"level":"info","message":{"data":{"action":"User verified","id":"11","timestamp":"2025-05-29T05:19:49.165Z","verified":true},"success":true}}
{"level":"info","message":{"data":{"action":"User verified","id":"11","timestamp":"2025-05-29T05:20:08.177Z","verified":true},"success":true}}
{"level":"info","message":{"data":{"action":"User verified","id":"11","timestamp":"2025-05-29T05:20:08.182Z","verified":true},"success":true}}
{"level":"info","message":{"data":{"action":"User verified","id":"11","timestamp":"2025-05-29T05:20:15.488Z","verified":true},"success":true}}
{"level":"info","message":{"data":{"action":"User verified","id":"11","timestamp":"2025-05-29T05:20:15.494Z","verified":true},"success":true}}
{"level":"info","message":{"data":{"action":"User verified","id":"11","timestamp":"2025-05-29T05:25:44.845Z","verified":true},"success":true}}
{"level":"info","message":{"data":{"action":"User verified","id":"11","timestamp":"2025-05-29T05:25:44.852Z","verified":true},"success":true}}
{"level":"info","message":{"data":{"action":"User verified","id":"11","timestamp":"2025-05-29T05:25:58.941Z","verified":true},"success":true}}
{"level":"info","message":{"data":{"action":"User verified","id":"11","timestamp":"2025-05-29T05:25:58.954Z","verified":true},"success":true}}
{"level":"info","message":{"id":11,"loggedIn":true}}
{"level":"info","message":{"id":11,"loggedIn":true}}
{"level":"info","message":{"id":11,"loggedIn":true}}
{"level":"info","message":{"id":11,"loggedIn":true}}
{"level":"info","message":{"data":{"action":"User verified","id":"11","timestamp":"2025-05-29T05:33:57.497Z","verified":true},"success":true}}
{"level":"info","message":{"data":{"action":"User verified","id":"11","timestamp":"2025-05-29T05:33:57.507Z","verified":true},"success":true}}
{"level":"error","message":{"data":{"action":"Short JWT Failed","id":"unknown","timestamp":"2025-05-29T05:36:25.433Z"},"success":false}}
{"level":"error","message":{"data":{"action":"Long JWT Failed","id":"unknown","timestamp":"2025-05-29T05:36:25.435Z"},"success":false}}
{"level":"error","message":{"data":{"action":"Short JWT Failed","id":"unknown","timestamp":"2025-05-29T05:38:00.378Z"},"success":false}}
{"level":"error","message":{"data":{"action":"Long JWT Failed","id":"unknown","timestamp":"2025-05-29T05:38:00.381Z"},"success":false}}
{"level":"error","message":{"data":{"action":"Short JWT Failed","id":"unknown","timestamp":"2025-05-29T05:38:00.385Z"},"success":false}}
{"level":"error","message":{"data":{"action":"Long JWT Failed","id":"unknown","timestamp":"2025-05-29T05:38:00.387Z"},"success":false}}
{"level":"error","message":{"data":{"action":"Short JWT Failed","id":"unknown","timestamp":"2025-05-29T05:38:00.390Z"},"success":false}}
{"level":"error","message":{"data":{"action":"Long JWT Failed","id":"unknown","timestamp":"2025-05-29T05:38:00.392Z"},"success":false}}
{"level":"error","message":{"data":{"action":"Short JWT Failed","id":"unknown","timestamp":"2025-05-29T05:38:00.396Z"},"success":false}}
{"level":"error","message":{"data":{"action":"Long JWT Failed","id":"unknown","timestamp":"2025-05-29T05:38:00.401Z"},"success":false}}
{"level":"error","message":{"data":{"action":"Short JWT Failed","id":"unknown","timestamp":"2025-05-29T05:38:02.922Z"},"success":false}}
{"level":"error","message":{"data":{"action":"Long JWT Failed","id":"unknown","timestamp":"2025-05-29T05:38:02.924Z"},"success":false}}
{"level":"error","message":{"data":{"action":"Short JWT Failed","id":"unknown","timestamp":"2025-05-29T05:38:02.928Z"},"success":false}}
{"level":"error","message":{"data":{"action":"Long JWT Failed","id":"unknown","timestamp":"2025-05-29T05:38:02.930Z"},"success":false}}
{"level":"error","message":{"data":{"action":"Short JWT Failed","id":"unknown","timestamp":"2025-05-29T05:38:02.935Z"},"success":false}}
{"level":"error","message":{"data":{"action":"Long JWT Failed","id":"unknown","timestamp":"2025-05-29T05:38:02.938Z"},"success":false}}
{"level":"error","message":{"data":{"action":"Short JWT Failed","id":"unknown","timestamp":"2025-05-29T05:38:02.943Z"},"success":false}}
{"level":"error","message":{"data":{"action":"Long JWT Failed","id":"unknown","timestamp":"2025-05-29T05:38:02.945Z"},"success":false}}
{"level":"error","message":{"data":{"action":"Short JWT Failed","id":"unknown","timestamp":"2025-05-29T05:55:04.439Z"},"success":false}}
{"level":"error","message":{"data":{"action":"Long JWT Failed","id":"unknown","timestamp":"2025-05-29T05:55:04.442Z"},"success":false}}
{"level":"error","message":{"data":{"action":"Short JWT Failed","id":"unknown","timestamp":"2025-05-29T05:55:04.448Z"},"success":false}}
{"level":"error","message":{"data":{"action":"Long JWT Failed","id":"unknown","timestamp":"2025-05-29T05:55:04.450Z"},"success":false}}
{"level":"error","message":{"data":{"action":"Short JWT Failed","id":"unknown","timestamp":"2025-05-29T05:55:04.457Z"},"success":false}}
{"level":"error","message":{"data":{"action":"Long JWT Failed","id":"unknown","timestamp":"2025-05-29T05:55:04.458Z"},"success":false}}
{"level":"error","message":{"data":{"action":"Short JWT Failed","id":"unknown","timestamp":"2025-05-29T05:55:04.461Z"},"success":false}}
{"level":"error","message":{"data":{"action":"Long JWT Failed","id":"unknown","timestamp":"2025-05-29T05:55:04.462Z"},"success":false}}
{"level":"error","message":{"data":{"action":"Short JWT Failed","id":"unknown","timestamp":"2025-05-29T05:55:38.945Z"},"success":false}}
{"level":"error","message":{"data":{"action":"Long JWT Failed","id":"unknown","timestamp":"2025-05-29T05:55:38.948Z"},"success":false}}
{"level":"error","message":{"data":{"action":"Short JWT Failed","id":"unknown","timestamp":"2025-05-29T05:55:38.955Z"},"success":false}}
{"level":"error","message":{"data":{"action":"Long JWT Failed","id":"unknown","timestamp":"2025-05-29T05:55:38.957Z"},"success":false}}
{"level":"error","message":{"data":{"action":"Short JWT Failed","id":"unknown","timestamp":"2025-05-29T05:55:38.961Z"},"success":false}}
{"level":"error","message":{"data":{"action":"Long JWT Failed","id":"unknown","timestamp":"2025-05-29T05:55:38.962Z"},"success":false}}
{"level":"error","message":{"data":{"action":"Short JWT Failed","id":"unknown","timestamp":"2025-05-29T05:55:38.967Z"},"success":false}}
{"level":"error","message":{"data":{"action":"Long JWT Failed","id":"unknown","timestamp":"2025-05-29T05:55:38.968Z"},"success":false}}
{"level":"error","message":{"data":{"action":"Short JWT Failed","id":"unknown","timestamp":"2025-05-29T05:55:42.499Z"},"success":false}}
{"level":"error","message":{"data":{"action":"Long JWT Failed","id":"unknown","timestamp":"2025-05-29T05:55:42.501Z"},"success":false}}
{"level":"error","message":{"data":{"action":"Short JWT Failed","id":"unknown","timestamp":"2025-05-29T05:55:42.506Z"},"success":false}}
{"level":"error","message":{"data":{"action":"Long JWT Failed","id":"unknown","timestamp":"2025-05-29T05:55:42.508Z"},"success":false}}
{"level":"error","message":{"data":{"action":"Short JWT Failed","id":"unknown","timestamp":"2025-05-29T05:55:42.513Z"},"success":false}}
{"level":"error","message":{"data":{"action":"Long JWT Failed","id":"unknown","timestamp":"2025-05-29T05:55:42.515Z"},"success":false}}
{"level":"error","message":{"data":{"action":"Short JWT Failed","id":"unknown","timestamp":"2025-05-29T05:55:42.520Z"},"success":false}}
{"level":"error","message":{"data":{"action":"Long JWT Failed","id":"unknown","timestamp":"2025-05-29T05:55:42.523Z"},"success":false}}
{"level":"info","message":{"id":11,"loggedIn":true}}
{"level":"info","message":{"data":{"action":"User verified","id":"11","timestamp":"2025-05-29T05:56:15.447Z","verified":true},"success":true}}
{"level":"info","message":{"data":{"action":"User verified","id":"11","timestamp":"2025-05-29T05:56:15.474Z","verified":true},"success":true}}
{"level":"info","message":{"data":{"action":"User verified","id":"11","timestamp":"2025-05-29T06:08:48.325Z","verified":true},"success":true}}
{"level":"info","message":{"data":{"action":"User verified","id":"11","timestamp":"2025-05-29T06:08:48.337Z","verified":true},"success":true}}
{"level":"info","message":{"data":{"action":"User verified","id":"11","timestamp":"2025-05-29T06:08:51.101Z","verified":true},"success":true}}
{"level":"info","message":{"data":{"action":"User verified","id":"11","timestamp":"2025-05-29T06:08:51.112Z","verified":true},"success":true}}
{"level":"info","message":{"data":{"action":"User verified","id":"11","timestamp":"2025-05-29T06:08:57.797Z","verified":true},"success":true}}
{"level":"info","message":{"data":{"action":"User verified","id":"11","timestamp":"2025-05-29T06:08:57.803Z","verified":true},"success":true}}
{"level":"info","message":{"data":{"action":"User verified","id":"11","timestamp":"2025-05-29T06:09:09.108Z","verified":true},"success":true}}
{"level":"info","message":{"data":{"action":"User verified","id":"11","timestamp":"2025-05-29T06:09:09.113Z","verified":true},"success":true}}
{"level":"info","message":{"data":{"action":"User verified","id":"11","timestamp":"2025-05-29T06:15:04.922Z","verified":true},"success":true}}
{"level":"info","message":{"data":{"action":"User verified","id":"11","timestamp":"2025-05-29T06:15:04.935Z","verified":true},"success":true}}
{"level":"info","message":{"data":{"action":"User verified","id":"11","timestamp":"2025-05-29T06:15:32.061Z","verified":true},"success":true}}
{"level":"info","message":{"data":{"action":"User verified","id":"11","timestamp":"2025-05-29T06:15:32.080Z","verified":true},"success":true}}
{"level":"info","message":{"data":{"action":"User verified","id":"11","timestamp":"2025-05-29T06:15:40.535Z","verified":true},"success":true}}
{"level":"info","message":{"data":{"action":"User verified","id":"11","timestamp":"2025-05-29T06:15:40.541Z","verified":true},"success":true}}
{"level":"info","message":{"data":{"action":"User verified","id":"11","timestamp":"2025-05-29T06:16:10.263Z","verified":true},"success":true}}
{"level":"info","message":{"data":{"action":"User verified","id":"11","timestamp":"2025-05-29T06:16:10.269Z","verified":true},"success":true}}
{"level":"info","message":{"data":{"action":"User verified","id":"11","timestamp":"2025-05-29T06:18:17.065Z","verified":true},"success":true}}
{"level":"info","message":{"data":{"action":"User verified","id":"11","timestamp":"2025-05-29T06:18:17.070Z","verified":true},"success":true}}
{"level":"info","message":{"data":{"action":"User verified","id":"11","timestamp":"2025-05-29T06:18:23.766Z","verified":true},"success":true}}
{"level":"info","message":{"data":{"action":"User verified","id":"11","timestamp":"2025-05-29T06:18:23.774Z","verified":true},"success":true}}
{"level":"info","message":{"data":{"action":"User verified","id":"11","timestamp":"2025-05-29T06:18:24.907Z","verified":true},"success":true}}
{"level":"info","message":{"data":{"action":"User verified","id":"11","timestamp":"2025-05-29T06:18:24.915Z","verified":true},"success":true}}
{"level":"info","message":{"data":{"action":"User verified","id":"11","timestamp":"2025-05-29T06:18:28.676Z","verified":true},"success":true}}
{"level":"info","message":{"data":{"action":"User verified","id":"11","timestamp":"2025-05-29T06:18:28.687Z","verified":true},"success":true}}
{"level":"info","message":{"data":{"action":"User verified","id":"11","timestamp":"2025-05-29T06:18:31.237Z","verified":true},"success":true}}
{"level":"info","message":{"data":{"action":"User verified","id":"11","timestamp":"2025-05-29T06:18:31.242Z","verified":true},"success":true}}
{"level":"info","message":{"data":{"action":"User verified","id":"11","timestamp":"2025-05-29T06:19:23.679Z","verified":true},"success":true}}
{"level":"info","message":{"data":{"action":"User verified","id":"11","timestamp":"2025-05-29T06:19:23.684Z","verified":true},"success":true}}
{"level":"info","message":{"data":{"action":"User verified","id":"11","timestamp":"2025-05-29T06:20:13.503Z","verified":true},"success":true}}
{"level":"info","message":{"data":{"action":"User verified","id":"11","timestamp":"2025-05-29T06:20:13.517Z","verified":true},"success":true}}
{"level":"info","message":{"data":{"action":"User verified","id":"11","timestamp":"2025-05-29T06:20:15.224Z","verified":true},"success":true}}
{"level":"info","message":{"data":{"action":"User verified","id":"11","timestamp":"2025-05-29T06:20:15.232Z","verified":true},"success":true}}
{"level":"info","message":{"data":{"action":"User verified","id":"11","timestamp":"2025-05-29T06:22:16.677Z","verified":true},"success":true}}
{"level":"info","message":{"data":{"action":"User verified","id":"11","timestamp":"2025-05-29T06:22:16.710Z","verified":true},"success":true}}
{"level":"info","message":{"data":{"action":"User verified","id":"11","timestamp":"2025-05-29T06:23:15.477Z","verified":true},"success":true}}
{"level":"info","message":{"data":{"action":"User verified","id":"11","timestamp":"2025-05-29T06:23:15.487Z","verified":true},"success":true}}
{"level":"info","message":{"data":{"action":"User verified","id":"11","timestamp":"2025-05-29T06:23:22.432Z","verified":true},"success":true}}
{"level":"info","message":{"data":{"action":"User verified","id":"11","timestamp":"2025-05-29T06:23:22.446Z","verified":true},"success":true}}
{"level":"info","message":{"data":{"action":"User verified","id":"11","timestamp":"2025-05-29T06:23:27.760Z","verified":true},"success":true}}
{"level":"info","message":{"data":{"action":"User verified","id":"11","timestamp":"2025-05-29T06:23:27.768Z","verified":true},"success":true}}
{"level":"info","message":{"data":{"action":"User verified","id":"11","timestamp":"2025-05-29T06:23:39.220Z","verified":true},"success":true}}
{"level":"info","message":{"data":{"action":"User verified","id":"11","timestamp":"2025-05-29T06:23:39.258Z","verified":true},"success":true}}
{"level":"info","message":{"data":{"action":"User verified","id":"11","timestamp":"2025-05-29T06:24:41.583Z","verified":true},"success":true}}
{"level":"info","message":{"data":{"action":"User verified","id":"11","timestamp":"2025-05-29T06:24:41.588Z","verified":true},"success":true}}
{"level":"info","message":{"data":{"action":"User verified","id":"11","timestamp":"2025-05-29T06:24:46.266Z","verified":true},"success":true}}
{"level":"info","message":{"data":{"action":"User verified","id":"11","timestamp":"2025-05-29T06:24:46.273Z","verified":true},"success":true}}
{"level":"info","message":{"data":{"action":"User verified","id":"11","timestamp":"2025-05-29T06:25:13.889Z","verified":true},"success":true}}
{"level":"info","message":{"data":{"action":"User verified","id":"11","timestamp":"2025-05-29T06:25:13.897Z","verified":true},"success":true}}
{"level":"info","message":{"data":{"action":"User verified","id":"11","timestamp":"2025-05-29T06:25:38.638Z","verified":true},"success":true}}
{"level":"info","message":{"data":{"action":"User verified","id":"11","timestamp":"2025-05-29T06:25:38.661Z","verified":true},"success":true}}
{"level":"info","message":{"data":{"action":"User verified","id":"11","timestamp":"2025-05-29T06:26:03.688Z","verified":true},"success":true}}
{"level":"info","message":{"data":{"action":"User verified","id":"11","timestamp":"2025-05-29T06:26:03.703Z","verified":true},"success":true}}
{"level":"info","message":{"data":{"action":"User verified","id":"11","timestamp":"2025-05-29T06:26:08.606Z","verified":true},"success":true}}
{"level":"info","message":{"data":{"action":"User verified","id":"11","timestamp":"2025-05-29T06:26:08.615Z","verified":true},"success":true}}
{"level":"info","message":{"data":{"action":"User verified","id":"11","timestamp":"2025-05-29T06:26:56.685Z","verified":true},"success":true}}
{"level":"info","message":{"data":{"action":"User verified","id":"11","timestamp":"2025-05-29T06:26:56.697Z","verified":true},"success":true}}
{"level":"info","message":{"data":{"action":"User verified","id":"11","timestamp":"2025-05-29T06:26:58.693Z","verified":true},"success":true}}
{"level":"info","message":{"data":{"action":"User verified","id":"11","timestamp":"2025-05-29T06:26:58.702Z","verified":true},"success":true}}
{"level":"info","message":{"data":{"action":"User verified","id":"11","timestamp":"2025-05-29T06:27:51.316Z","verified":true},"success":true}}
{"level":"info","message":{"data":{"action":"User verified","id":"11","timestamp":"2025-05-29T06:27:51.325Z","verified":true},"success":true}}
{"level":"info","message":{"data":{"action":"User verified","id":"11","timestamp":"2025-05-29T06:28:07.412Z","verified":true},"success":true}}
{"level":"info","message":{"data":{"action":"User verified","id":"11","timestamp":"2025-05-29T06:28:07.435Z","verified":true},"success":true}}
{"level":"info","message":{"data":{"action":"User verified","id":"11","timestamp":"2025-05-29T06:29:12.894Z","verified":true},"success":true}}
{"level":"info","message":{"data":{"action":"User verified","id":"11","timestamp":"2025-05-29T06:29:12.902Z","verified":true},"success":true}}
{"level":"info","message":{"data":{"action":"User verified","id":"11","timestamp":"2025-05-29T06:30:05.940Z","verified":true},"success":true}}
{"level":"info","message":{"data":{"action":"User verified","id":"11","timestamp":"2025-05-29T06:30:05.952Z","verified":true},"success":true}}
{"level":"info","message":{"data":{"action":"User verified","id":"11","timestamp":"2025-05-29T06:30:40.947Z","verified":true},"success":true}}
{"level":"info","message":{"data":{"action":"User verified","id":"11","timestamp":"2025-05-29T06:30:40.957Z","verified":true},"success":true}}
{"level":"info","message":{"data":{"action":"User verified","id":"11","timestamp":"2025-05-29T06:30:50.607Z","verified":true},"success":true}}
{"level":"info","message":{"data":{"action":"User verified","id":"11","timestamp":"2025-05-29T06:30:50.617Z","verified":true},"success":true}}
{"level":"info","message":{"data":{"action":"User verified","id":"11","timestamp":"2025-05-29T06:31:37.600Z","verified":true},"success":true}}
{"level":"info","message":{"data":{"action":"User verified","id":"11","timestamp":"2025-05-29T06:31:37.609Z","verified":true},"success":true}}
{"level":"info","message":{"data":{"action":"User verified","id":"11","timestamp":"2025-05-29T06:31:46.743Z","verified":true},"success":true}}
{"level":"info","message":{"data":{"action":"User verified","id":"11","timestamp":"2025-05-29T06:31:46.755Z","verified":true},"success":true}}
{"level":"info","message":{"data":{"action":"User verified","id":"11","timestamp":"2025-05-29T06:32:19.074Z","verified":true},"success":true}}
{"level":"info","message":{"data":{"action":"User verified","id":"11","timestamp":"2025-05-29T06:32:19.085Z","verified":true},"success":true}}
{"level":"info","message":{"data":{"action":"User verified","id":"11","timestamp":"2025-05-29T20:00:35.019Z","verified":true},"success":true}}
{"level":"info","message":{"data":{"action":"User verified","id":"11","timestamp":"2025-05-29T20:00:35.029Z","verified":true},"success":true}}
{"level":"info","message":{"data":{"action":"User verified","id":"11","timestamp":"2025-05-29T20:02:38.891Z","verified":true},"success":true}}
{"level":"info","message":{"data":{"action":"User verified","id":"11","timestamp":"2025-05-29T20:02:38.900Z","verified":true},"success":true}}
{"level":"info","message":{"data":{"action":"User verified","id":"11","timestamp":"2025-05-29T20:14:33.899Z","verified":true},"success":true}}
{"level":"info","message":{"data":{"action":"User verified","id":"11","timestamp":"2025-05-29T20:14:33.911Z","verified":true},"success":true}}
{"level":"info","message":{"data":{"action":"User verified","id":"11","timestamp":"2025-05-29T20:15:47.165Z","verified":true},"success":true}}
{"level":"info","message":{"data":{"action":"User verified","id":"11","timestamp":"2025-05-29T20:15:47.171Z","verified":true},"success":true}}
{"level":"info","message":{"data":{"action":"User verified","id":"11","timestamp":"2025-05-29T20:16:58.716Z","verified":true},"success":true}}
{"level":"info","message":{"data":{"action":"User verified","id":"11","timestamp":"2025-05-29T20:16:58.725Z","verified":true},"success":true}}
{"level":"info","message":{"data":{"action":"User verified","id":"11","timestamp":"2025-05-29T20:17:28.535Z","verified":true},"success":true}}
{"level":"info","message":{"data":{"action":"User verified","id":"11","timestamp":"2025-05-29T20:18:41.039Z","verified":true},"success":true}}
{"level":"info","message":{"data":{"action":"User verified","id":"11","timestamp":"2025-05-29T20:18:41.049Z","verified":true},"success":true}}
{"level":"info","message":{"data":{"action":"User verified","id":"11","timestamp":"2025-05-29T20:19:15.261Z","verified":true},"success":true}}
{"level":"info","message":{"data":{"action":"User verified","id":"11","timestamp":"2025-05-29T20:19:15.271Z","verified":true},"success":true}}
{"level":"info","message":{"data":{"action":"User verified","id":"11","timestamp":"2025-05-29T20:19:56.955Z","verified":true},"success":true}}
{"level":"info","message":{"data":{"action":"User verified","id":"11","timestamp":"2025-05-29T20:19:56.963Z","verified":true},"success":true}}
{"level":"info","message":{"data":{"action":"User verified","id":"11","timestamp":"2025-05-29T20:24:29.463Z","verified":true},"success":true}}
{"level":"info","message":{"data":{"action":"User verified","id":"11","timestamp":"2025-05-29T20:24:29.473Z","verified":true},"success":true}}
{"level":"info","message":{"data":{"action":"User verified","id":"11","timestamp":"2025-05-29T20:26:06.448Z","verified":true},"success":true}}
{"level":"info","message":{"data":{"action":"User verified","id":"11","timestamp":"2025-05-29T20:26:06.458Z","verified":true},"success":true}}
{"level":"info","message":{"data":{"action":"User verified","id":"11","timestamp":"2025-05-29T20:26:30.454Z","verified":true},"success":true}}
{"level":"info","message":{"data":{"action":"User verified","id":"11","timestamp":"2025-05-29T20:26:30.465Z","verified":true},"success":true}}
{"level":"info","message":{"data":{"action":"User verified","id":"11","timestamp":"2025-05-29T20:28:10.169Z","verified":true},"success":true}}
{"level":"info","message":{"data":{"action":"User verified","id":"11","timestamp":"2025-05-29T20:28:10.181Z","verified":true},"success":true}}
{"level":"info","message":{"data":{"action":"User verified","id":"11","timestamp":"2025-05-29T20:29:58.002Z","verified":true},"success":true}}
{"level":"info","message":{"data":{"action":"User verified","id":"11","timestamp":"2025-05-29T20:29:58.012Z","verified":true},"success":true}}
{"level":"info","message":{"data":{"action":"User verified","id":"11","timestamp":"2025-05-29T20:30:19.642Z","verified":true},"success":true}}
{"level":"info","message":{"data":{"action":"User verified","id":"11","timestamp":"2025-05-29T20:30:19.653Z","verified":true},"success":true}}
{"level":"info","message":{"data":{"action":"User verified","id":"11","timestamp":"2025-05-29T20:30:44.033Z","verified":true},"success":true}}
{"level":"info","message":{"data":{"action":"User verified","id":"11","timestamp":"2025-05-29T20:30:44.039Z","verified":true},"success":true}}
{"level":"info","message":{"data":{"action":"User verified","id":"11","timestamp":"2025-05-29T20:31:19.376Z","verified":true},"success":true}}
{"level":"info","message":{"data":{"action":"User verified","id":"11","timestamp":"2025-05-29T20:31:19.384Z","verified":true},"success":true}}
{"level":"info","message":{"data":{"action":"User verified","id":"11","timestamp":"2025-05-29T20:31:24.737Z","verified":true},"success":true}}
{"level":"info","message":{"data":{"action":"User verified","id":"11","timestamp":"2025-05-29T20:31:24.744Z","verified":true},"success":true}}
{"level":"info","message":{"data":{"action":"User verified","id":"11","timestamp":"2025-05-29T20:35:58.474Z","verified":true},"success":true}}
{"level":"info","message":{"data":{"action":"User verified","id":"11","timestamp":"2025-05-29T20:35:58.486Z","verified":true},"success":true}}
{"level":"info","message":{"data":{"action":"User verified","id":"11","timestamp":"2025-05-29T20:39:16.689Z","verified":true},"success":true}}
{"level":"info","message":{"data":{"action":"User verified","id":"11","timestamp":"2025-05-29T20:39:16.699Z","verified":true},"success":true}}
{"level":"info","message":{"data":{"action":"User verified","id":"11","timestamp":"2025-05-29T20:39:36.255Z","verified":true},"success":true}}
{"level":"info","message":{"data":{"action":"User verified","id":"11","timestamp":"2025-05-29T20:39:36.274Z","verified":true},"success":true}}
{"level":"info","message":{"data":{"action":"User verified","id":"11","timestamp":"2025-05-29T20:39:44.818Z","verified":true},"success":true}}
{"level":"info","message":{"data":{"action":"User verified","id":"11","timestamp":"2025-05-29T20:39:44.823Z","verified":true},"success":true}}
{"level":"info","message":{"data":{"action":"User verified","id":"11","timestamp":"2025-05-29T20:39:47.213Z","verified":true},"success":true}}
{"level":"info","message":{"data":{"action":"User verified","id":"11","timestamp":"2025-05-29T20:39:47.223Z","verified":true},"success":true}}
{"level":"info","message":{"data":{"action":"User verified","id":"11","timestamp":"2025-05-29T20:39:56.455Z","verified":true},"success":true}}
{"level":"info","message":{"data":{"action":"User verified","id":"11","timestamp":"2025-05-29T20:39:56.465Z","verified":true},"success":true}}
{"level":"info","message":{"data":{"action":"User verified","id":"11","timestamp":"2025-05-29T20:39:58.295Z","verified":true},"success":true}}
{"level":"info","message":{"data":{"action":"User verified","id":"11","timestamp":"2025-05-29T20:39:58.302Z","verified":true},"success":true}}
{"level":"info","message":{"data":{"action":"User verified","id":"11","timestamp":"2025-05-29T20:40:10.365Z","verified":true},"success":true}}
{"level":"info","message":{"data":{"action":"User verified","id":"11","timestamp":"2025-05-29T20:40:10.372Z","verified":true},"success":true}}
{"level":"info","message":{"data":{"action":"User verified","id":"11","timestamp":"2025-05-29T20:40:11.591Z","verified":true},"success":true}}
{"level":"info","message":{"data":{"action":"User verified","id":"11","timestamp":"2025-05-29T20:40:11.599Z","verified":true},"success":true}}
{"level":"info","message":{"data":{"action":"User verified","id":"11","timestamp":"2025-05-29T20:40:12.144Z","verified":true},"success":true}}
{"level":"info","message":{"data":{"action":"User verified","id":"11","timestamp":"2025-05-29T20:40:12.152Z","verified":true},"success":true}}
{"level":"info","message":{"data":{"action":"User verified","id":"11","timestamp":"2025-05-29T20:40:14.654Z","verified":true},"success":true}}
{"level":"info","message":{"data":{"action":"User verified","id":"11","timestamp":"2025-05-29T20:40:14.660Z","verified":true},"success":true}}
{"level":"info","message":{"data":{"action":"User verified","id":"11","timestamp":"2025-05-29T20:40:15.231Z","verified":true},"success":true}}
{"level":"info","message":{"data":{"action":"User verified","id":"11","timestamp":"2025-05-29T20:40:15.238Z","verified":true},"success":true}}
{"level":"info","message":{"data":{"action":"User verified","id":"11","timestamp":"2025-05-29T20:50:14.928Z","verified":true},"success":true}}
{"level":"info","message":{"data":{"action":"User verified","id":"11","timestamp":"2025-05-29T20:50:14.935Z","verified":true},"success":true}}
{"level":"info","message":{"data":{"action":"User verified","id":"11","timestamp":"2025-05-29T20:52:20.907Z","verified":true},"success":true}}
{"level":"info","message":{"data":{"action":"User verified","id":"11","timestamp":"2025-05-29T20:52:20.914Z","verified":true},"success":true}}
{"level":"info","message":{"data":{"action":"User verified","id":"11","timestamp":"2025-05-29T20:52:28.663Z","verified":true},"success":true}}
{"level":"info","message":{"data":{"action":"User verified","id":"11","timestamp":"2025-05-29T20:52:28.671Z","verified":true},"success":true}}
{"level":"info","message":{"data":{"action":"User verified","id":"11","timestamp":"2025-05-29T20:52:38.842Z","verified":true},"success":true}}
{"level":"info","message":{"data":{"action":"User verified","id":"11","timestamp":"2025-05-29T20:52:38.850Z","verified":true},"success":true}}
{"level":"info","message":{"data":{"action":"User verified","id":"11","timestamp":"2025-05-29T20:53:46.278Z","verified":true},"success":true}}
{"level":"info","message":{"data":{"action":"User verified","id":"11","timestamp":"2025-05-29T20:53:46.290Z","verified":true},"success":true}}
{"level":"info","message":{"data":{"action":"User verified","id":"11","timestamp":"2025-05-29T20:53:58.636Z","verified":true},"success":true}}
{"level":"info","message":{"data":{"action":"User verified","id":"11","timestamp":"2025-05-29T20:53:58.646Z","verified":true},"success":true}}
{"level":"info","message":{"data":{"action":"User verified","id":"11","timestamp":"2025-05-29T20:53:59.191Z","verified":true},"success":true}}
{"level":"info","message":{"data":{"action":"User verified","id":"11","timestamp":"2025-05-29T20:53:59.203Z","verified":true},"success":true}}
{"level":"info","message":{"data":{"action":"User verified","id":"11","timestamp":"2025-05-29T20:54:01.892Z","verified":true},"success":true}}
{"level":"info","message":{"data":{"action":"User verified","id":"11","timestamp":"2025-05-29T20:54:01.901Z","verified":true},"success":true}}
{"level":"info","message":{"data":{"action":"User verified","id":"11","timestamp":"2025-05-29T20:54:04.996Z","verified":true},"success":true}}
{"level":"info","message":{"data":{"action":"User verified","id":"11","timestamp":"2025-05-29T20:54:05.003Z","verified":true},"success":true}}
{"level":"info","message":{"data":{"action":"User verified","id":"11","timestamp":"2025-05-29T20:54:13.699Z","verified":true},"success":true}}
{"level":"info","message":{"data":{"action":"User verified","id":"11","timestamp":"2025-05-29T20:54:13.704Z","verified":true},"success":true}}
{"level":"info","message":{"data":{"action":"User verified","id":"11","timestamp":"2025-05-29T20:55:04.437Z","verified":true},"success":true}}
{"level":"info","message":{"data":{"action":"User verified","id":"11","timestamp":"2025-05-29T20:55:04.447Z","verified":true},"success":true}}
{"level":"info","message":{"data":{"action":"User verified","id":"11","timestamp":"2025-05-29T21:18:28.189Z","verified":true},"success":true}}
{"level":"info","message":{"data":{"action":"User verified","id":"11","timestamp":"2025-05-29T21:18:28.197Z","verified":true},"success":true}}
{"level":"info","message":{"id":11,"loggedIn":true}}
{"level":"info","message":{"data":{"action":"User verified","id":"11","timestamp":"2025-05-29T21:36:21.077Z","verified":true},"success":true}}
{"level":"info","message":{"data":{"action":"User verified","id":"11","timestamp":"2025-05-29T21:36:21.083Z","verified":true},"success":true}}
